<html xmlns:math="http://exslt.org/math" xmlns:testng="http://testng.org">
   <head>
      <title>TestNG Results</title>
      <meta http-equiv="content-type" content="text/html; charset=utf-8"></meta>
      <meta http-equiv="pragma" content="no-cache"></meta>
      <meta http-equiv="cache-control" content="max-age=0"></meta>
      <meta http-equiv="cache-control" content="no-cache"></meta>
      <meta http-equiv="cache-control" content="no-store"></meta>
      <LINK rel="stylesheet" href="style.css"></LINK>
      <script type="text/javascript" src="main.js"></script>
   </head>
   <body>
      <table width="100%" style="font-size: 16px; margin-bottom: 10px;" cellspacing="1">
         <tr>
            <td width="100%">
               All methods in suite
               
               <b>Suite</b>
            </td>
            <td style="background-color: #FFBBBB; padding: 3px 3px 3px 0;" align="center">
               <div style="width: 50px;">1</div>
            </td>
            <td style="background-color: lightgreen; padding: 3px 3px 3px 0;" align="center">
               <div style="width: 50px;">0</div>
            </td>
            <td style="background-color: #FFFFBB; padding: 3px 3px 3px 0;" align="center">
               <div style="width: 50px;">0</div>
            </td>
            <td align="center" style="background-color: #eaf0f7; padding: 3px 3px 3px 0;">
               <div style="width: 50px;">1</div>
            </td>
            <td align="center"
                style="font-weight: bold; background-color: #eaf0f7; padding: 3px 3px 3px 0;">
               <div style="width: 50px;">0%</div>
            </td>
            <td style="background-color: #eaf0f7; padding: 3px 3px 3px 0;" align="center"
                nowrap="true">733 ms
               
            </td>
         </tr>
      </table>
      <div style="width: 200px;">
         <label for="groupMethodsCheckBox" style="font-weight: bold; margin: 0;">
            <input id="groupMethodsCheckBox" type="checkbox" onclick="switchTestMethodsView(this)"
                   checked=""></input>
            Group by class
            
         </label>
         <br></br>
         <label for="methodsFilter_ALL" style="font-weight: bold; margin: 0;">
            <input id="methodsFilter_ALL" type="checkbox"
                   onclick="testMethodsFilterChanged(this, 'ALL')"
                   checked=""></input>
            All
            
         </label>
      </div>
      <label for="methodsFilter_FAIL" style="margin-left: 20px;">
         <input id="methodsFilter_FAIL" type="checkbox"
                onclick="testMethodsFilterChanged(this, 'FAIL')"
                checked=""></input>
         Failed
         
      </label>
      <label for="methodsFilter_PASS">
         <input id="methodsFilter_PASS" type="checkbox"
                onclick="testMethodsFilterChanged(this, 'PASS')"
                checked=""></input>
         Passed
         
      </label>
      <label for="methodsFilter_SKIP">
         <input id="methodsFilter_SKIP" type="checkbox"
                onclick="testMethodsFilterChanged(this, 'SKIP')"
                checked=""></input>
         Skipped
         
      </label>
      <label for="methodsFilter_CONF">
         <input id="methodsFilter_CONF" type="checkbox"
                onclick="testMethodsFilterChanged(this, 'CONF')"
                checked=""></input>
         Config
         
      </label>
      <br></br>
      <div id="testMethodsByStatus" style="display: none;">
         <table class="testMethodsTable" cellpadding="0" cellspacing="0">
            <tr class="methodsTableHeader">
               <td width="100%">Name</td>
               <td nowrap="true">Started</td>
               <td nowrap="true">Duration</td>
               <td>Exception</td>
            </tr>
            <tr id="XSLT.Sample_Project.GoogleTest_Test2_byStatus_failed_FAIL1_row"
                class="testMethodStatusFAIL">
               <td width="100%" class="firstMethodCell">
                  <a onclick="toggleDetailsVisibility('XSLT.Sample_Project.GoogleTest_Test2_byStatus_failed_FAIL1_details')">Test2()</a>
               </td>
               <td nowrap="true">17:12:04</td>
               <td nowrap="true" align="right">183 ms
                  
               </td>
               <td nowrap="true">
                  <a onclick="toggleDetailsVisibility('XSLT.Sample_Project.GoogleTest_Test2_byStatus_failed_FAIL1_exception')">java.lang.IllegalStateException: 
                     The path to the driver executable must be set by the webdriver.chrome.driver system property; for more information, see https://github.com/SeleniumHQ/selenium/wiki/ChromeDriver.
                     The latest version can be downloaded from http://chromedriver.storage.googleapis.com/index.html
                     
                  </a>
                   
                  
               </td>
            </tr>
            <tr>
               <td colspan="4" class="detailsBox">
                  <div id="XSLT.Sample_Project.GoogleTest_Test2_byStatus_failed_FAIL1_details"
                       class="testMethodDetails">
                     <div>
                        <b>Name: </b>Test2
                     </div>
                     <div>
                        <b>Signature: </b>Test2()[pri:0, instance:XSLT.Sample_Project.GoogleTest@1f554b06]
                     </div>
                     <div>
                        <b>Start time: </b>17:12:04
                     </div>
                     <div>
                        <b>End time: </b>17:12:04
                     </div>
                     <div>
                        <b>Duration: </b>183 ms
                        
                     </div>
                  </div>
               </td>
            </tr>
            <tr>
               <td colspan="4" class="detailsBox">
                  <div id="XSLT.Sample_Project.GoogleTest_Test2_byStatus_failed_FAIL1_exception"
                       class="testMethodDetails">
                     <pre style="padding: 5px; margin: 0;">java.lang.IllegalStateException: The path to the driver executable must be set by the webdriver.chrome.driver system property;
                        for more information, see https://github.com/SeleniumHQ/selenium/wiki/ChromeDriver. The latest version can be downloaded from
                        http://chromedriver.storage.googleapis.com/index.html
                        at com.google.common.base.Preconditions.checkState(Preconditions.java:847)
                        at org.openqa.selenium.remote.service.DriverService.findExecutable(DriverService.java:134)
                        at org.openqa.selenium.chrome.ChromeDriverService.access$000(ChromeDriverService.java:32)
                        at org.openqa.selenium.chrome.ChromeDriverService$Builder.findDefaultExecutable(ChromeDriverService.java:137)
                        at org.openqa.selenium.remote.service.DriverService$Builder.build(DriverService.java:355)
                        at org.openqa.selenium.chrome.ChromeDriverService.createDefaultService(ChromeDriverService.java:88)
                        at org.openqa.selenium.chrome.ChromeDriver.&lt;init&gt;(ChromeDriver.java:124)
                        at XSLT.Sample_Project.GoogleNavigate.Test1(GoogleNavigate.java:11)
                        at XSLT.Sample_Project.GoogleTest.Test2(GoogleTest.java:12)
                        at sun.reflect.NativeMethodAccessorImpl.invoke0(Native Method)
                        at sun.reflect.NativeMethodAccessorImpl.invoke(NativeMethodAccessorImpl.java:62)
                        at sun.reflect.DelegatingMethodAccessorImpl.invoke(DelegatingMethodAccessorImpl.java:43)
                        at java.lang.reflect.Method.invoke(Method.java:497)
                        at org.testng.internal.MethodInvocationHelper.invokeMethod(MethodInvocationHelper.java:132)
                        at org.testng.internal.TestInvoker.invokeMethod(TestInvoker.java:599)
                        at org.testng.internal.TestInvoker.invokeTestMethod(TestInvoker.java:174)
                        at org.testng.internal.MethodRunner.runInSequence(MethodRunner.java:46)
                        at org.testng.internal.TestInvoker$MethodInvocationAgent.invoke(TestInvoker.java:822)
                        at org.testng.internal.TestInvoker.invokeTestMethods(TestInvoker.java:147)
                        at org.testng.internal.TestMethodWorker.invokeTestMethods(TestMethodWorker.java:146)
                        at org.testng.internal.TestMethodWorker.run(TestMethodWorker.java:128)
                        at java.util.ArrayList.forEach(ArrayList.java:1249)
                        at org.testng.TestRunner.privateRun(TestRunner.java:764)
                        at org.testng.TestRunner.run(TestRunner.java:585)
                        at org.testng.SuiteRunner.runTest(SuiteRunner.java:384)
                        at org.testng.SuiteRunner.runSequentially(SuiteRunner.java:378)
                        at org.testng.SuiteRunner.privateRun(SuiteRunner.java:337)
                        at org.testng.SuiteRunner.run(SuiteRunner.java:286)
                        at org.testng.SuiteRunnerWorker.runSuite(SuiteRunnerWorker.java:53)
                        at org.testng.SuiteRunnerWorker.run(SuiteRunnerWorker.java:96)
                        at org.testng.TestNG.runSuitesSequentially(TestNG.java:1218)
                        at org.testng.TestNG.runSuitesLocally(TestNG.java:1140)
                        at org.testng.TestNG.runSuites(TestNG.java:1069)
                        at org.testng.TestNG.run(TestNG.java:1037)
                        at org.testng.remote.AbstractRemoteTestNG.run(AbstractRemoteTestNG.java:115)
                        at org.testng.remote.RemoteTestNG.initAndRun(RemoteTestNG.java:251)
                        at org.testng.remote.RemoteTestNG.main(RemoteTestNG.java:77)
                     </pre>
                  </div>
               </td>
            </tr>
         </table>
      </div>
      <div id="testMethodsByClass">
         <table class="testMethodsTable" cellpadding="0" cellspacing="0">
            <tr>
               <td colspan="4">
                  <h3 style="display: inline;">XSLT.Sample_Project.GoogleTest</h3>
               </td>
            </tr>
            <tr class="methodsTableHeader">
               <td width="100%">Name</td>
               <td nowrap="true">Started</td>
               <td nowrap="true">Duration</td>
               <td>Exception</td>
            </tr>
            <tr id="XSLT.Sample_Project.GoogleTest_Test2_byClass_FAIL1_row"
                class="testMethodStatusFAIL">
               <td width="100%" class="firstMethodCell">
                  <a onclick="toggleDetailsVisibility('XSLT.Sample_Project.GoogleTest_Test2_byClass_FAIL1_details')">Test2()</a>
               </td>
               <td nowrap="true">17:12:04</td>
               <td nowrap="true" align="right">183 ms
                  
               </td>
               <td nowrap="true">
                  <a onclick="toggleDetailsVisibility('XSLT.Sample_Project.GoogleTest_Test2_byClass_FAIL1_exception')">java.lang.IllegalStateException: 
                     The path to the driver executable must be set by the webdriver.chrome.driver system property; for more information, see https://github.com/SeleniumHQ/selenium/wiki/ChromeDriver.
                     The latest version can be downloaded from http://chromedriver.storage.googleapis.com/index.html
                     
                  </a>
                   
                  
               </td>
            </tr>
            <tr>
               <td colspan="4" class="detailsBox">
                  <div id="XSLT.Sample_Project.GoogleTest_Test2_byClass_FAIL1_details"
                       class="testMethodDetails">
                     <div>
                        <b>Name: </b>Test2
                     </div>
                     <div>
                        <b>Signature: </b>Test2()[pri:0, instance:XSLT.Sample_Project.GoogleTest@1f554b06]
                     </div>
                     <div>
                        <b>Start time: </b>17:12:04
                     </div>
                     <div>
                        <b>End time: </b>17:12:04
                     </div>
                     <div>
                        <b>Duration: </b>183 ms
                        
                     </div>
                  </div>
               </td>
            </tr>
            <tr>
               <td colspan="4" class="detailsBox">
                  <div id="XSLT.Sample_Project.GoogleTest_Test2_byClass_FAIL1_exception"
                       class="testMethodDetails">
                     <pre style="padding: 5px; margin: 0;">java.lang.IllegalStateException: The path to the driver executable must be set by the webdriver.chrome.driver system property;
                        for more information, see https://github.com/SeleniumHQ/selenium/wiki/ChromeDriver. The latest version can be downloaded from
                        http://chromedriver.storage.googleapis.com/index.html
                        at com.google.common.base.Preconditions.checkState(Preconditions.java:847)
                        at org.openqa.selenium.remote.service.DriverService.findExecutable(DriverService.java:134)
                        at org.openqa.selenium.chrome.ChromeDriverService.access$000(ChromeDriverService.java:32)
                        at org.openqa.selenium.chrome.ChromeDriverService$Builder.findDefaultExecutable(ChromeDriverService.java:137)
                        at org.openqa.selenium.remote.service.DriverService$Builder.build(DriverService.java:355)
                        at org.openqa.selenium.chrome.ChromeDriverService.createDefaultService(ChromeDriverService.java:88)
                        at org.openqa.selenium.chrome.ChromeDriver.&lt;init&gt;(ChromeDriver.java:124)
                        at XSLT.Sample_Project.GoogleNavigate.Test1(GoogleNavigate.java:11)
                        at XSLT.Sample_Project.GoogleTest.Test2(GoogleTest.java:12)
                        at sun.reflect.NativeMethodAccessorImpl.invoke0(Native Method)
                        at sun.reflect.NativeMethodAccessorImpl.invoke(NativeMethodAccessorImpl.java:62)
                        at sun.reflect.DelegatingMethodAccessorImpl.invoke(DelegatingMethodAccessorImpl.java:43)
                        at java.lang.reflect.Method.invoke(Method.java:497)
                        at org.testng.internal.MethodInvocationHelper.invokeMethod(MethodInvocationHelper.java:132)
                        at org.testng.internal.TestInvoker.invokeMethod(TestInvoker.java:599)
                        at org.testng.internal.TestInvoker.invokeTestMethod(TestInvoker.java:174)
                        at org.testng.internal.MethodRunner.runInSequence(MethodRunner.java:46)
                        at org.testng.internal.TestInvoker$MethodInvocationAgent.invoke(TestInvoker.java:822)
                        at org.testng.internal.TestInvoker.invokeTestMethods(TestInvoker.java:147)
                        at org.testng.internal.TestMethodWorker.invokeTestMethods(TestMethodWorker.java:146)
                        at org.testng.internal.TestMethodWorker.run(TestMethodWorker.java:128)
                        at java.util.ArrayList.forEach(ArrayList.java:1249)
                        at org.testng.TestRunner.privateRun(TestRunner.java:764)
                        at org.testng.TestRunner.run(TestRunner.java:585)
                        at org.testng.SuiteRunner.runTest(SuiteRunner.java:384)
                        at org.testng.SuiteRunner.runSequentially(SuiteRunner.java:378)
                        at org.testng.SuiteRunner.privateRun(SuiteRunner.java:337)
                        at org.testng.SuiteRunner.run(SuiteRunner.java:286)
                        at org.testng.SuiteRunnerWorker.runSuite(SuiteRunnerWorker.java:53)
                        at org.testng.SuiteRunnerWorker.run(SuiteRunnerWorker.java:96)
                        at org.testng.TestNG.runSuitesSequentially(TestNG.java:1218)
                        at org.testng.TestNG.runSuitesLocally(TestNG.java:1140)
                        at org.testng.TestNG.runSuites(TestNG.java:1069)
                        at org.testng.TestNG.run(TestNG.java:1037)
                        at org.testng.remote.AbstractRemoteTestNG.run(AbstractRemoteTestNG.java:115)
                        at org.testng.remote.RemoteTestNG.initAndRun(RemoteTestNG.java:251)
                        at org.testng.remote.RemoteTestNG.main(RemoteTestNG.java:77)
                     </pre>
                  </div>
               </td>
            </tr>
         </table>
         <br></br>
      </div>
      <div style="margin-top: 15px; color: gray; text-align: center; font-size: 9px;">
         Generated with
         
         <a href="http://code.google.com/p/testng-xslt/" style="color: #8888aa;"
            target="_blank">
            TestNG XSLT
            
         </a>
      </div>
   </body>
</html>